0 info it worked if it ends with ok
1 verbose cli [ '/usr/bin/node', '/usr/bin/npm', 'run', 'deploy-production' ]
2 info using npm@3.5.2
3 info using node@v8.10.0
4 verbose run-script [ 'predeploy-production',
4 verbose run-script   'deploy-production',
4 verbose run-script   'postdeploy-production' ]
5 info lifecycle bgc-b2b@1.0.0~predeploy-production: bgc-b2b@1.0.0
6 silly lifecycle bgc-b2b@1.0.0~predeploy-production: no script for predeploy-production, continuing
7 info lifecycle bgc-b2b@1.0.0~deploy-production: bgc-b2b@1.0.0
8 verbose lifecycle bgc-b2b@1.0.0~deploy-production: unsafe-perm in lifecycle true
9 verbose lifecycle bgc-b2b@1.0.0~deploy-production: PATH: /usr/share/npm/bin/node-gyp-bin:/home/marotti/Projects/uff/easy-exam-back/node_modules/.bin:/home/marotti/.local/bin:/usr/local/sbin:/usr/local/bin:/usr/sbin:/usr/bin:/sbin:/bin:/usr/games:/usr/local/games:/snap/bin
10 verbose lifecycle bgc-b2b@1.0.0~deploy-production: CWD: /home/marotti/Projects/uff/easy-exam-back
11 silly lifecycle bgc-b2b@1.0.0~deploy-production: Args: [ '-c', 'sls deploy -s production --verbose' ]
12 silly lifecycle bgc-b2b@1.0.0~deploy-production: Returned: code: 1  signal: null
13 info lifecycle bgc-b2b@1.0.0~deploy-production: Failed to exec deploy-production script
14 verbose stack Error: bgc-b2b@1.0.0 deploy-production: `sls deploy -s production --verbose`
14 verbose stack Exit status 1
14 verbose stack     at EventEmitter.<anonymous> (/usr/share/npm/lib/utils/lifecycle.js:232:16)
14 verbose stack     at emitTwo (events.js:126:13)
14 verbose stack     at EventEmitter.emit (events.js:214:7)
14 verbose stack     at ChildProcess.<anonymous> (/usr/share/npm/lib/utils/spawn.js:24:14)
14 verbose stack     at emitTwo (events.js:126:13)
14 verbose stack     at ChildProcess.emit (events.js:214:7)
14 verbose stack     at maybeClose (internal/child_process.js:925:16)
14 verbose stack     at Process.ChildProcess._handle.onexit (internal/child_process.js:209:5)
15 verbose pkgid bgc-b2b@1.0.0
16 verbose cwd /home/marotti/Projects/uff/easy-exam-back
17 error Linux 4.15.0-50-generic
18 error argv "/usr/bin/node" "/usr/bin/npm" "run" "deploy-production"
19 error node v8.10.0
20 error npm  v3.5.2
21 error code ELIFECYCLE
22 error bgc-b2b@1.0.0 deploy-production: `sls deploy -s production --verbose`
22 error Exit status 1
23 error Failed at the bgc-b2b@1.0.0 deploy-production script 'sls deploy -s production --verbose'.
23 error Make sure you have the latest version of node.js and npm installed.
23 error If you do, this is most likely a problem with the bgc-b2b package,
23 error not with npm itself.
23 error Tell the author that this fails on your system:
23 error     sls deploy -s production --verbose
23 error You can get information on how to open an issue for this project with:
23 error     npm bugs bgc-b2b
23 error Or if that isn't available, you can get their info via:
23 error     npm owner ls bgc-b2b
23 error There is likely additional logging output above.
24 verbose exit [ 1, true ]
